<?xml version="1.0" encoding="UTF-8"?>
<testsuite xmlns:xsi="http://www.w3.org/2001/XMLSchema-instance" xsi:noNamespaceSchemaLocation="https://maven.apache.org/surefire/maven-surefire-plugin/xsd/surefire-test-report-3.0.xsd" version="3.0" name="com.chatapp.chatapp.MessageSenderTest" time="0.127" tests="10" errors="0" skipped="0" failures="1">
  <properties>
[...]
</properties>
  <testcase name="testMessageIDGeneration" classname="com.chatapp.chatapp.MessageSenderTest" time="0.043">
    <system-out><![CDATA[Message ID generated: 5038648638
]]></system-out>
  </testcase>
  <testcase name="testMessageHashGeneration" classname="com.chatapp.chatapp.MessageSenderTest" time="0.023">
    <failure message="expected: &lt;00:0:HITONIGHT&gt; but was: &lt;te:1:TESTUSERTESTUSER&gt;" type="org.opentest4j.AssertionFailedError"><![CDATA[org.opentest4j.AssertionFailedError: expected: <00:0:HITONIGHT> but was: <te:1:TESTUSERTESTUSER>
	at org.junit.jupiter.api.AssertionFailureBuilder.build(AssertionFailureBuilder.java:151)
	at org.junit.jupiter.api.AssertionFailureBuilder.buildAndThrow(AssertionFailureBuilder.java:132)
	at org.junit.jupiter.api.AssertEquals.failNotEqual(AssertEquals.java:197)
	at org.junit.jupiter.api.AssertEquals.assertEquals(AssertEquals.java:182)
	at org.junit.jupiter.api.AssertEquals.assertEquals(AssertEquals.java:177)
	at org.junit.jupiter.api.Assertions.assertEquals(Assertions.java:1145)
	at com.chatapp.chatapp.MessageSenderTest.testMessageHashGeneration(MessageSenderTest.java:79)
	at java.base/java.lang.reflect.Method.invoke(Method.java:580)
	at java.base/java.util.ArrayList.forEach(ArrayList.java:1597)
	at java.base/java.util.ArrayList.forEach(ArrayList.java:1597)
]]></failure>
  </testcase>
  <testcase name="testValidateRecipientNumber_Success" classname="com.chatapp.chatapp.MessageSenderTest" time="0.002"/>
  <testcase name="testProcessMessageAction_Invalid" classname="com.chatapp.chatapp.MessageSenderTest" time="0.001"/>
  <testcase name="testValidateMessageLength_Success" classname="com.chatapp.chatapp.MessageSenderTest" time="0.001"/>
  <testcase name="testValidateRecipientNumber_Failure" classname="com.chatapp.chatapp.MessageSenderTest" time="0.001"/>
  <testcase name="testValidateMessageLength_Failure" classname="com.chatapp.chatapp.MessageSenderTest" time="0.004"/>
  <testcase name="testProcessMessageAction_Disregard" classname="com.chatapp.chatapp.MessageSenderTest" time="0.001"/>
  <testcase name="testProcessMessageAction_Store" classname="com.chatapp.chatapp.MessageSenderTest" time="0.006"/>
  <testcase name="testProcessMessageAction_Send" classname="com.chatapp.chatapp.MessageSenderTest" time="0.001"/>
</testsuite>